131069
131070
131068
131070
131071
118525
131070
131069
131070
117855
131071
131071
131071
122523
131071
131071
131071
131071
131071
131069
131071
131071
131068
128344
131071
131070
131071
131069
131070
131071
131071
131071
131069
131069
131070
131071
131070
128411
131070
131071
131071
128679
131071
131071
131071
131071
126168
127082
124089
131070
124668
131069
131070
131071
130385
131071
131071
131071
131068
131071
126260
131071
131071
131071
131070
131071
131071
131071
131071
131071
131070
131069
131071
131070
131071
131071
131071
131069
131067
131071
131071
131071
131070
131071
131071
131070
131070
131071
131071
131070
131071
131071
131071
131070
131071
131071
131071
131070
131071
131071
131071
131071
131071
131070
131071
129706
130937
131071
131066
131071
131006
131071
131071
131071
131070
131071
131071
131071
131069
131071
131071
130991
131071
131070
131070
131070
131071
131071
129521
131071
131071
131071
131071
131071
131071
131071
131069
131070
131070
131070
130975
130559
129697
131071
129330
131071
131070
131071
131070
131009
131071
130381
131070
131071
131070
131071
130110
131071
131067
131071
131070
131071
131071
131071
131071
130823
131071
129061
131071
129744
131071
129688
131070
131069
131070
131071
131068
131071
131071
131071
131070
131071
129636
129727
131071
131071
129855
131071
131071
131071
130143
131045
128018
131071
128840
131071
131071
131071
131070
130404
131071
131071
131071
131071
131070
131071
128835
131070
131070
131070
131070
129802
130045
131070
131071
131071
131069
131071
130501
130697
130898
131071
129411
129316
131070
131068
131070
131071
131071
131070
131071
131068
131071
131069
131070
131071
129885
131069
131071
131071
131071
131071
131070
131071
131071
130056
130400
130323
130767
131071
131070
131071
131070
131070
131071
131071
131070
131071
131070
130978
130835
131071
131068
131069
131071
131071
131071
131071
131071
131071
131070
131071
130686
131071
131071
131069
131070
131071
131070
131071
130948
131069
131071
131071
131071
130972
131069
131071
131071
131070
131071
129809
130944
130858
131071
130941
131070
131071
131071
131071
131051
131069
130933
131071
131069
131071
131071
131071
131071
131070
131071
131071
131071
131070
130615
131071
131070
131071
131070
131071
131071
130652
130909
131070
131071
131070
131071
130616
131071
131069
131071
131071
130975
131003
131071
130998
131067
131070
131071
130772
130992
131071
131071
131071
131070
131070
131071
131070
131069
131047
131068
131071
131070
131070
130885
131068
131054
131070
131071
131071
130813
131071
131070
131069
131071
131071
131071
131070
131071
131070
131071
131068
131071
131071
131071
131068
131070
131071
131071
131071
131070
130949
131071
131066
131071
131071
131071
131067
130932
131070
130795
131071
131071
131071
131071
131071
131070
131071
131071
131068
131071
131070
131071
131070
130925
131071
131069
131070
130472
130932
131070
130628
130163
131069
131071
131071
130929
130365
131071
131071
130945
131071
131070
131020
131069
130550
131069
131071
130548
131071
130887
131071
131071
131071
131071
131070
131070
131071
131071
131070
131071
131071
131071
131071
131071
131071
130708
131071
131069
131071
131071
131071
131067
130065
131068
130682
131071
131071
130984
131070
131070
130345
131069
131071
131071
131071
130998
131069
131071
131070
131071
131071
131071
131068
131071
131071
131071
131071
131071
130806
131071
131070
131071
130379
131070
131070
131071
131071
131069
131071
131071
131071
131069
129946
131071
131071
131071
131071
131071
131071
131070
131071
131071
131071
131071
131071
131071
131071
131011
131015
131070
131071
131071
131069
131029
131071
131071
131070
131071
131071
130231
131032
131070
131071
130909
130186
130823
131071
131071
131071
131070
130828
131038
131071
131071
131070
131071
131071
131071
131071
131071
131058
131070
131071
131060
131071
131069
130971
130371
131071
131071
131071
131069
130888
131071
131071
131071
131070
131071
131071
131071
131071
130848
131071
130989
130972
131069
131069
131066
131071
131071
131071
131071
131070
131069
131071
131070
131071
131071
131071
131071
131071
131071
131012
131071
131071
130595
131071
131071
130748
130900
131071
131071
130721
131071
131071
131071
131069
131071
131006
131071
130912
131071
131070
131071
131071
131071
131070
130974
131071
131071
131071
131071
131070
130641
130853
131068
131069
131069
131071
131052
131071
131071
131071
131069
131070
131070
131070
131027
131071
131069
130929
131068
131071
131069
131070
131071
131069
131071
131069
131071
131068
131071
131071
131069
130989
131070
131071
131071
131071
131071
131071
131071
130387
131071
131071
131071
130925
131071
131071
131071
131071
131071
130615
131070
131070
131071
131071
131071
130946
131071
130871
131068
131069
131071
131071
130504
131071
131068
131068
131071
130976
131071
131071
131070
131071
131071
131071
130935
131071
130914
131071
131071
131071
131071
130727
131071
130810
131065
131071
130931
131071
131071
131066
131070
131071
131071
131070
131069
131070
131070
131070
130835
131071
131067
130627
131071
130804
130951
131069
131071
130911
131069
131056
130643
130927
131070
130830
131070
131071
131071
131069
131071
131071
131024
131014
131068
131070
131069
131069
131069
131071
131069
130688
131071
131014
131071
131071
131069
131071
131064
131071
131070
130887
130770
131068
131013
131071
131071
131071
131071
130877
130819
131071
131071
131069
131071
131071
130974
131070
131071
131071
131069
131069
131071
131071
131071
131069
131068
131071
131071
131071
131071
131069
130859
131037
131071
131060
130965
131070
130965
131049
131071
131040
130903
131002
130765
131070
131070
131071
131068
131071
131071
130902
131071
131069
131071
131071
131070
131069
130594
130925
131070
130846
131055
131071
131006
130887
131070
130975
131070
130667
131071
131070
131071
131070
130827
131071
131071
131070
131070
131070
131071
130824
131070
131071
131071
130869
130937
131070
131071
131048
131069
130395
131071
131071
131035
131071
131071
131071
131068
131071
131069
131071
131070
130948
131071
131071
131069
131071
131070
130675
131068
131071
131071
131069
131069
131070
131071
131071
131071
131070
131071
131071
131071
131070
131070
131071
131071
131071
131071
130807
131068
131070
131071
131071
131071
131071
131071
131071
131070
131071
131071
131071
131071
131071
131071
130591
130866
131071
131071
131071
131070
131044
131071
131062
131056
131001
131071
131071
131071
131070
131071
131069
131071
131068
130875
131069
131009
131071
131064
131071
130706
131071
131071
131070
131071
131070
131071
131071
131070
131071
131053
131071
130980
131071
131071
131071
131070
131041
130896
131071
131071
130984
131071
131062
131071
131069
131070
131069
131070
131070
131069
131034
131070
131038
131070
131069
131067
131070
131071
131034
131071
131003
131070
130851
131071
131016
130790
131016
130990
131070
131071
131070
131070
131071
131071
131069
131071
131055
130952
131049
131071
131071
131071
131068
131071
131039
131071
131068
131070
131070
131071
131071
131068
131071
131068
130974
131070
131065
131071
131071
131070
131071
131070
131071
130820
131066
131070
131071
130466
131070
131071
131070
131070
131071
130871
131071
131071
131071
131071
131061
131031
131068
131071
131071
130996
131071
131071
131071
131070
130965
131071
131071
131071
131071
131063
131052
131071
131071
131071
131071
131069
131070
131071
131071
131071
131071
131035
131007
130896
130982
131070
131071
131071
130898
131071
130604
131070
131071
131071
131071
131070
131070
130828
131071
131070
131071
131071
131070
131069
131070
131069
131071
131071
130999
130567
131039
131071
131071
131071
131071
131071
131069
131070
131071
131070
131071
131070
131042
131071
131071
131071
131071
131071
131069
131068
131071
131071
131067
131071
131071
131071
131071
131071
131068
131069
131070
131054
131071
130784
131071
131071
131071
131071
131069
130993
131070
130865
131069
131071
131071
131070
131067
131070
131001
131071
131067
131071
131071
131071
131071
131069
131069
131071
131017
131071
130991
131070
131051
131071
131070
131069
131070
131044
130970
131070
131070
131050
131071
131070
131069
131071
131071
131070
131070
131063
131071
131069
131071
131070
131071
131069
131070
131070
131070
130991
131071
131070
131071
131071
131027
131071
131071
131071
131071
131071
131071
131071
131070
131069
131070
131071
131071
130832
131031
131065
131071
131071
131070
131071
131071
131070
131070
131071
131071
131071
130998
131069
131039
131071
131069
131070
130928
131049
131071
131070
131071
131071
130486
131071
130997
130869
131071
131044
131070
131071
131070
131070
131071
131070
131071
131071
131071
131037
131071
131071
131070
131028
131069
131070
131071
131070
131071
131071
131071
131071
131071
131071
131070
131049
131069
131070
131071
131071
131070
131069
131004
131071
131069
131055
131071
131071
131071
131061
131070
131071
131071
131071
131070
131071
130770
131035
130663
130873
131071
131070
131070
131071
131071
131071
130707
131070
131070
131070
131070
131070
131071
131071
130643
131019
131071
130984
131011
131071
131069
131070
131071
131070
131012
131066
131071
131028
131071
131071
131070
131071
131071
131069
131071
131047
131071
131070
131071
131071
131071
131069
131071
130958
131071
131071
131071
131071
131070
131071
131070
131031
131071
131035
130939
131069
131071
131021
131071
130991
131070
131064
131071
130919
131014
131018
131068
131071
131071
131036
131069
131071
131071
131071
131071
131071
131071
131070
131070
131071
131010
131070
131041
131070
131062
131068
131071
131071
131012
131071
131071
131070
131071
131071
131071
131070
131071
131034
131071
131010
131071
131070
131069
131065
131069
131071
130839
131071
131071
131070
131051
131071
130896
131070
131068
131069
131070
131048
131071
131071
131051
130959
130829
131071
131071
131070
131070
131071
131071
131056
131030
131069
131017
131071
130995
131071
131071
131071
131070
131071
130806
131070
131071
131071
131071
131071
131071
131071
131071
131071
131071
131070
131071
131071
131023
131071
131070
131031
131055
130911
131070
131056
131070
131071
131045
131070
130898
131071
131071
131069
131071
131070
131071
131071
131068
131071
131071
131070
131071
131069
131071
131071
131070
131071
131068
131071
131071
130982
131071
131070
131021
131071
131060
131071
131071
131071
131071
131071
131071
131071
131037
131071
131071
131070
131071
131071
131068
131071
131071
131071
131071
131071
131071
131071
131071
131068
131068
130741
131070
131069
131071
131071
131069
131071
131036
131071
131071
131071
131070
131071
131071
130977
131071
131070
131070
130945
131071
130999
131071
131070
131071
131071
131069
131071
131025
131044
131031
131069
131071
131071
131069
131070
131070
131070
131071
131071
131070
131071
130737
131071
131071
131071
131070
131068
131070
131070
131071
131071
131071
131071
131071
131071
131056
131070
131068
131071
130991
131028
131071
131070
131070
131071
131032
131070
131071
131071
131071
131071
131071
131070
131071
131071
131071
131047
131071
131071
130930
131071
131071
131071
131070
130899
131069
131026
131070
131071
131070
131070
131071
131071
131027
131071
131071
131064
130984
131071
131071
131041
131067
131070
131071
131071
131069
131071
131071
131071
131071
130997
131071
131071
131070
130995
130887
130966
131066
131044
131071
131070
130980
131066
131071
131071
131071
131071
131071
131070
130839
131060
131071
131011
131068
131071
131071
131065
131071
131068
131071
131071
131071
131071
131071
131061
131071
131062
131070
131071
131071
131071
131055
131070
130960
131071
131069
131071
131071
131069
130992
130963
131067
131056
131071
131071
131071
131070
130982
131071
131070
131070
130759
131020
131071
130810
131069
131067
130828
131070
131041
131019
130922
131071
131030
131070
131071
131069
131071
131071
131071
131071
131070
131070
131067
131068
131071
131071
131070
131070
131071
131071
131071
131071
131071
131071
131070
131071
131069
131071
131070
131071
131059
130962
131069
131071
131071
131071
131070
131070
131069
131069
131070
131070
131071
131071
131071
131069
131071
131070
131022
131065
131070
131020
131071
131071
131070
131069
131055
131070
131068
131071
131071
131071
131071
131071
131071
131071
131034
131071
131070
131070
131071
131070
131068
131071
131069
131071
131071
131071
130999
131069
131070
131071
131071
131071
131071
131071
131071
131071
131065
131071
131070
131071
131071
131071
131070
130940
131071
131069
131071
131067
131069
131071
131071
131071
131071
130952
131069
131071
131071
131071
131071
131070
131071
131071
131071
131071
131069
130962
131071
131071
131071
131071
131064
131067
131071
131070
130761
131070
131031
131070
131071
131071
131052
131068
131070
131070
131071
130836
131071
131071
131070
131071
131071
131070
131070
131071
131071
131042
131052
131071
131057
131070
131071
131070
131052
131071
131070
131069
131071
131071
131019
131070
131071
131065
131071
131070
131070
131070
131071
131068
131056
131052
131069
130983
131071
131071
131071
131071
131071
131071
130740
131070
131071
131071
131071
131071
131038
131071
131071
131054
130993
131071
131070
131070
131071
131069
131069
131071
131071
131071
131070
131071
131071
131069
131070
131070
131071
131071
131004
131071
131069
131071
131071
131071
131071
131071
131069
131050
131070
131071
131071
131070
130935
131069
131070
131066
131071
131026
131071
131031
130836
131071
131069
131071
131020
131071
131070
131071
131071
131034
131070
131058
131071
131071
131071
131070
131066
131070
131069
131071
131069
130937
131071
131052
131069
131071
130959
131070
131070
131071
131071
131071
131071
131071
131071
131071
131071
131071
131071
131045
131068
131071
130948
131050
131071
131071
131071
131063
131025
131070
131071
131016
130899
131071
131044
131038
131063
131071
131070
130987
131036
131069
130966
131071
131070
131014
131069
131060
131071
131071
131057
130968
131038
131050
131071
131071
131071
131070
131071
131059
131069
131071
131071
131071
131071
131071
131071
131071
131071
131070
131071
131071
131070
131070
131068
131070
131071
131071
131071
131071
131071
131071
130993
130997
131071
131069
131021
130972
131069
131027
131071
131070
131068
131071
131069
131071
131071
131071
131071
130947
131070
130982
131071
131070
131069
131071
131071
131071
131071
131071
131071
131057
131069
131071
131070
131071
131041
131071
131064
131046
131071
131047
131071
131059
131002
131015
131071
131071
131070
131071
131071
131070
131071
131029
131071
131071
131069
131071
131071
131071
131071
131068
131070
131069
131067
130944
131071
131070
131071
131071
130903
131071
131032
131070
130975
130995
131070
131017
131070
131067
131071
131070
131070
131071
130972
131070
130932
131071
131070
131071
131071
131070
130956
130932
131070
131071
131071
131071
131071
131071
131071
131071
131025
131044
131070
130992
130896
130879
131071
131071
131069
131070
131049
131071
131071
131071
131071
131071
131068
131071
131071
130981
131071
131069
131069
131042
130690
131030
131071
131068
131071
130726
131059
131071
131071
131071
131071
131069
131071
131071
131070
131069
131069
131071
131071
131071
131071
131071
131071
131070
131070
131068
131071
131040
131071
131071
131070
131069
131071
131071
131029
131059
131047
131050
131071
130956
131071
131070
131070
131071
131018
131046
131071
130904
131071
131070
131068
131071
131070
131071
131071
131071
131071
131071
131070
131071
131071
131071
131021
131071
131071
131071
131057
131040
131070
130956
131048
131071
131071
131071
131070
131071
131071
130916
131039
131024
131071
131069
131071
131070
130988
131071
131071
131070
131070
131071
130986
131069
131070
131070
131071
131014
130905
131071
131029
131071
130960
131071
131071
131071
131071
131071
131071
131008
131071
130936
130992
131069
131012
131071
131071
131071
131071
131070
131071
131068
131070
131071
131020
131071
131070
131071
131071
131069
131071
131070
131071
131071
130793
131060
131068
131070
131070
131071
131070
131069
131071
131071
131071
131071
131071
131071
131071
131071
131010
131017
131071
131070
131071
131071
131071
131070
131071
131071
131071
131071
130828
131071
131071
131070
131071
131071
131031
131034
131071
131071
131071
131029
131071
131071
131042
131007
131070
131071
131070
131043
131060
131057
130907
131060
130984
131043
131071
131071
131071
130943
131071
131040
131012
131071
131071
131071
131070
131070
131071
131070
131069
131071
131070
131070
131071
131070
131071
131071
131071
131070
131071
131071
131067
131068
131070
131071
131070
131071
131071
131071
131071
130952
131071
131069
131071
131036
131071
131071
131069
131052
131071
130966
131011
131071
131067
131067
131070
130934
131055
131071
131070
131071
131070
130838
130979
131071
131067
131071
131071
131071
131071
131071
131070
131070
131068
131071
131058
131071
131071
131070
131071
131071
131071
131071
131069
131071
131058
131044
131071
131069
131067
131070
131071
131069
131070
131070
131071
131071
131071
131068
131070
131070
131071
131071
131069
131071
130996
131071
131071
131071
131069
131070
130874
131071
131060
131071
130917
131071
130962
131071
131059
131070
131071
131071
131071
131070
131071
131071
131071
131071
130926
131069
131070
131071
131064
131067
131059
131071
131070
131071
131070
131070
131071
131071
131070
131068
131071
131070
131071
131070
131071
131071
131070
131053
131071
131071
131070
131005
131071
131070
131063
131070
131071
131071
131069
131071
131071
131071
131066
131071
131071
131069
131068
130998
131071
131070
131070
131071
131071
130903
131062
131060
131071
131071
131071
131070
131069
131070
131071
131071
131071
131071
131071
131070
131069
130854
131012
131071
130998
131040
131071
131071
131071
131071
131071
131069
131071
131066
131071
131070
131069
131071
131069
131070
131026
131026
131071
131071
131071
131070
131067
131062
131067
131071
131071
131070
131071
131068
131071
131070
131071
131047
131071
131049
131071
131069
131071
130987
131070
131069
131070
131070
131070
131071
131071
131071
131071
131070
131071
131071
131071
131071
131070
131071
131054
131069
131071
131069
131071
131055
131071
130997
131044
131065
131056
131071
130992
131056
131071
131059
131071
131070
131070
131071
131071
131071
131070
131071
131071
131070
131071
131071
131070
131071
131071
131071
131020
131071
131071
131070
131070
131071
131059
131070
131071
131068
131071
131071
131066
131071
131070
131071
131071
131063
131069
131069
131070
131070
131071
131029
131070
130905
131070
131071
131071
131071
131070
131071
131069
131064
131070
131070
131037
131071
131014
131071
130980
131071
131016
131047
131047
131071
131038
131071
131071
131071
131071
131069
131045
131070
131071
131068
131071
131071
131071
131071
131071
131066
131071
131071
131017
131071
131070
131071
131070
131071
131061
131071
131070
131069
131070
131070
131018
131070
131071
131071
131070
131071
131069
131071
131045
131046
131071
131030
131071
131071
131070
131056
131070
131069
131071
131071
131042
131070
131002
131071
131071
131071
131057
131071
131068
131071
131071
131014
131071
131071
131071
131071
131069
131070
131071
131070
131071
131071
131071
131069
131071
131071
131071
131070
131070
131070
131071
131071
130973
131071
131071
131070
131070
131071
131071
131045
131071
131071
131071
131071
131070
131070
131071
130967
131070
131054
131069
131062
131037
131070
131068
131071
130999
131071
131071
131008
131063
131071
131070
131071
131070
131071
131070
131071
131071
131068
131069
131069
131071
130963
131035
131070
131071
131061
131071
131071
131036
131071
131047
131071
131071
131071
131071
131070
131070
130946
131066
131029
131071
131070
131069
131071
131071
131071
131071
131071
131071
131070
131071
131071
131009
131071
131067
131060
131070
131024
131071
131068
131071
131071
131071
131070
131071
131004
130996
131070
131071
131048
130969
131069
131071
131071
131071
130883
131069
131038
130963
131054
131007
131071
131071
131071
131071
131070
131071
131071
131071
131070
131069
131071
131071
131069
131068
131071
131070
131071
131071
131071
131057
131069
131071
131069
131067
131069
131071
131070
131007
130996
131055
131025
131071
131071
131070
131071
131069
131070
131071
131071
131071
131068
131070
131071
131069
131071
131020
131071
131070
131059
131071
131071
131071
131070
131069
131023
131056
131070
131035
131070
131052
131070
131070
131071
131070
131069
131071
131071
131071
131070
131071
131069
131070
131071
131071
131071
131071
131069
131070
131071
131010
131069
131070
131071
131071
131070
131071
131071
131071
131071
131071
130879
131071
131030
131031
130957
131069
130994
131071
131070
131054
131035
131000
130915
131070
131071
131070
131060
131071
131071
131071
131050
131071
131055
131071
131065
131071
131071
131071
131071
131071
131063
130983
131071
131071
131070
131071
130966
131034
131071
131071
131069
131070
131070
131071
130942
131070
131071
131070
131071
131070
131070
131070
131071
131071
131071
131070
131070
131069
130993
131048
131070
131016
131071
131071
131071
131071
131069
131070
131071
131071
131071
131070
131069
131069
131005
131013
131071
131036
131070
131071
131071
131071
131071
131070
131071
131045
131069
131071
131022
131070
130976
131071
131069
131070
131070
131067
131071
131060
130957
131071
131071
131071
131071
131071
131071
130977
131071
131071
131071
131069
131070
131069
131071
131069
131068
131007
130977
131048
131036
131070
131071
131070
131070
131071
131071
131071
131071
131071
131070
131071
131071
131071
131039
131069
131071
131061
130984
131066
131054
131070
131070
131071
131071
131070
131061
131069
131071
131071
131070
131071
131071
131071
131071
131071
131071
131066
131071
131069
131071
131071
131070
131071
130984
131071
131071
131065
131070
131070
131068
131067
131071
131071
131071
131071
131071
131071
131071
131071
131071
131071
131070
131071
130970
131067
131067
131071
130999
131047
131052
131064
131071
131071
131071
131068
131070
131071
131053
131071
131070
131069
131071
131071
131071
131068
131070
131071
131071
131071
131071
131071
131070
131071
131071
131062
131070
131034
131067
131071
131071
131067
131071
131070
131052
131071
131071
131071
131071
131067
131071
131071
131071
131062
131000
131071
131069
131025
131070
131070
131069
131071
131070
131070
131067
131071
131050
131071
131070
131071
131068
131057
131071
131028
131071
131071
131070
131070
130965
131071
131071
131025
131069
131071
131069
131061
131070
131071
131071
131071
131071
131071
131031
131070
131066
130970
131070
131025
131071
131070
131068
131070
131071
131071
131070
131070
131070
131033
131071
131070
131037
131071
131071
131071
131071
131071
131071
131067
131069
131068
131071
131071
131069
131070
131038
131071
131071
131061
131071
131071
131070
131070
131064
131071
131071
131070
131070
131071
131069
131071
131071
131018
131071
131070
131070
131069
131070
131032
131071
131071
131071
131068
131070
131070
130923
131071
131061
131071
131056
131068
131006
131030
131063
131071
131071
131071
131071
131071
131071
131070
131071
131071
131071
131071
131057
131070
131028
131071
131070
131071
131071
131070
131032
131070
131071
131071
131070
131070
131069
131071
131062
131065
131050
131070
131070
131071
131070
131070
131071
131070
131071
131071
131068
131071
131071
131071
131070
131047
131029
131057
131071
130983
131071
131069
131071
131051
131068
131056
131070
131071
131071
131071
131071
131070
131071
131071
131069
131071
131070
131071
131068
131071
131071
131071
130962
131067
131071
131033
131069
131017
131071
131071
131071
131008
131071
131040
130904
131067
131071
131071
131024
131070
131071
131071
131071
131069
131003
131071
131052
131070
131064
131051
131059
131070
131071
131045
131039
131064
131071
131070
131071
131071
131071
131070
131071
131069
131071
131057
131071
131070
131071
131066
131071
131069
131071
131071
131070
131071
131068
131070
131069
131070
131067
131068
131071
131035
131059
131036
131071
131071
131070
131069
131037
131069
131071
131070
131052
131071
131071
131070
131071
131071
131071
131070
131071
131068
131071
131067
131071
131071
131071
131070
131071
131071
131071
131071
131071
131068
131071
131071
131071
131071
131071
131046
131071
131071
131071
131071
131071
131071
131056
131052
131029
131071
131018
131071
131071
131068
131071
130992
131071
131071
131071
131071
131071
131003
131039
131029
131070
131042
131047
131069
131071
131071
131070
131071
131066
131071
131053
131069
131071
131066
130842
131071
131071
131071
131069
131009
131071
131071
131010
131071
131069
131071
131059
131071
131038
131029
131071
130946
131005
131070
131055
131071
131070
131071
131068
131005
131070
131069
131071
131071
131068
131071
131071
131069
131071
131071
131046
131070
131071
131071
131052
131071
131071
131071
131071
131070
131071
131070
131071
131070
131071
131070
131071
131071
131071
131071
131071
131048
131071
131070
131071
131070
131069
131069
131071
131070
131071
131048
131018
131071
131071
131069
130982
131071
131052
130960
131070
131071
131071
131070
131071
131069
131071
131069
131071
131071
131071
131071
131071
131071
131071
131068
131071
131069
131071
131062
131071
131028
131069
130992
131071
131002
131070
131071
131066
131068
131071
131071
131071
131071
131071
131071
131071
131069
131063
131071
131070
131070
131069
131071
131071
131069
131071
131071
131071
131069
131034
131071
131039
131071
131071
131059
131071
131070
131069
131071
131070
131039
131070
131071
131071
131071
131052
131070
131071
131070
131068
131071
131071
131071
131070
131071
131071
131071
131039
131040
131071
131071
131070
131071
131071
131070
131071
131071
131071
131071
131070
131071
131018
131049
131071
131071
131070
131070
131071
131070
131067
130868
131070
131043
131000
131070
131068
131071
131071
131071
131070
131071
131070
131070
131069
131071
131071
131071
131070
131068
131070
131068
131071
131069
131071
131071
131056
131034
131070
131071
131071
131071
131019
131071
131071
131071
131071
131070
131071
131071
131071
131071
131070
131070
131069
131071
131044
131044
131070
131071
131070
131069
131071
131071
131071
131071
131071
131071
131071
131071
131071
131030
131071
131071
131071
131071
131071
131071
131071
131070
131071
131071
131071
131071
131071
131070
131071
131070
131071
131071
131064
131069
131070
131070
131070
131071
131071
131070
131060
131071
131061
131070
131071
131069
131071
131070
131071
131071
131070
131071
131071
131064
131071
131071
130997
131071
131071
131071
131069
131071
131071
131038
131071
131069
131071
131069
131071
131070
131071
131067
131071
131071
131068
131071
131071
131071
131071
131071
131071
131070
131070
131071
131071
131071
131068
131066
131069
131071
131071
131071
131070
131064
131063
131071
131069
131071
131071
131071
131071
130986
131071
131068
131071
131070
131071
131071
131071
131071
131067
131070
131071
131070
131071
131070
131071
131071
131071
131071
131058
131071
131057
131071
130980
131071
131071
131071
131071
131071
131070
131071
131071
131070
131070
131071
131069
131071
131071
131070
131041
131014
131071
131071
130972
131070
131052
131019
131070
131063
131069
131071
131071
131071
131071
130951
131071
131069
131071
131071
131071
131071
131071
131071
131071
131071
131043
131071
131071
131070
131068
131070
131071
131071
131071
131070
131060
131069
131042
131004
131071
131071
131071
131071
131071
131071
131071
131069
131071
131071
131071
131071
131071
131063
131069
130957
131031
131070
131068
131071
131071
131061
131061
131069
131071
131071
131071
131071
131071
131071
131070
131060
131069
131071
131067
131070
131070
131071
131011
131065
131071
131063
131071
131001
131071
131071
131071
131055
131004
131071
131071
131056
131008
131071
131071
131071
131071
131057
131070
131070
131071
131071
131070
131070
131070
131069
131071
131071
131047
131071
131069
131071
131069
130992
131071
131071
131070
131069
131070
131071
131071
131071
131070
131071
131068
131043
131071
131071
131071
131071
131071
131071
131020
131070
131071
131071
131071
131071
131070
131071
131071
131070
131045
131071
131071
131071
131070
131071
131070
131071
131071
131071
131071
131058
131067
131068
131071
131025
131071
131067
131066
131071
131070
131071
131043
131071
131069
131042
131071
131070
131070
131069
131069
131069
131070
131071
131037
131071
131071
131069
131070
131070
131071
131006
131071
131071
131071
131070
131071
131071
131071
131071
131071
131029
131069
131068
131070
131071
131063
130969
131049
131045
131071
131070
131070
131071
131071
131071
131070
131071
131071
131071
131071
131067
131071
131071
131071
131070
131041
131071
131071
131029
131070
131069
131070
131042
131071
131071
131069
131071
131070
131070
131070
131071
131071
131070
131071
131071
131042
131054
131071
131071
131071
131034
131071
131055
131056
131071
131071
131071
131070
131069
131070
131069
131042
131071
131071
131040
131071
131071
131070
131071
131071
131057
131070
131071
131071
131067
131071
131066
131071
131071
131070
131071
131070
131071
131071
131071
131071
131068
131071
131071
131071
131071
131071
131071
131071
131068
131036
131070
131071
131071
131071
131071
131071
131071
131069
131071
131070
131066
131070
130951
131070
131071
131071
131071
131070
131071
131033
131017
131071
130954
131071
131069
131065
131068
131071
131071
131070
131071
131071
131070
131071
131052
131067
131071
131071
131071
131071
131071
131048
131071
131007
131071
131071
131071
131070
131069
131070
131070
131025
131070
131071
131058
131071
131071
131071
130981
130980
131071
131071
131071
131071
131071
131071
130992
131071
131071
131071
131071
131071
131036
131070
131041
131071
131071
131069
131070
131071
131071
131070
131070
131071
130994
131071
131070
131069
131061
131071
131071
131071
131069
131042
131071
131070
131071
131071
131025
131070
131069
131071
131071
131071
131071
131071
131070
131066
131063
131070
131067
131071
131023
131071
131070
131071
131046
131071
131070
131070
131039
131011
131064
131071
131070
131067
131070
131070
131069
130999
131065
131071
131071
130999
131035
131045
131071
131062
131057
131071
131071
131070
131071
131071
131071
131071
131071
131071
131069
131071
131071
131071
131071
131070
131071
131071
131071
131069
130984
131071
131071
131000
131031
131071
130948
131060
131071
131071
131071
131064
131070
131071
131068
131071
131071
131070
131071
131071
131071
131070
131042
131053
131056
131061
131069
131071
131070
131069
131058
131071
131071
131071
131062
131071
131069
131069
131066
131065
131071
131070
131071
131009
130951
131069
131070
131068
131068
131069
131071
131071
131070
131071
131071
131071
131067
131045
131070
131071
131070
131071
131060
131054
131071
131071
131071
131070
131071
131071
131069
131071
131069
131067
131071
131064
131071
131071
131071
131071
131042
131057
131070
131071
131071
131071
131053
131068
131071
131064
131066
131071
131069
131071
131071
131034
131071
131071
131069
131071
131069
131057
131057
131071
131070
131071
131069
131070
131071
131070
131071
131071
131069
131071
131070
131071
131071
131061
131068
131070
131071
131070
131071
131070
131067
131046
131071
131048
131071
131071
131065
131063
131070
131038
131071
131070
131059
131029
131036
131071
131071
131071
131071
131070
131068
131071
131071
131071
131069
131068
131070
131071
131071
131071
131070
131069
131071
131071
131071
131027
130984
131071
131036
131051
131006
130975
131071
131071
131070
131069
131071
131071
131068
131070
131069
131071
131070
131071
131070
131050
131070
131066
131071
131071
131071
131070
131070
131071
130997
131070
131070
131071
131071
131071
131071
131071
131070
130961
131071
131053
131066
131070
131071
131071
131071
131071
131070
131071
131071
131071
131070
131071
131071
131071
131071
131067
131071
131069
131070
131068
131071
131070
131071
131068
131044
131070
131071
131071
131071
131071
131046
131038
131069
131070
131071
131069
131070
131031
131070
131070
131070
131061
131070
131069
131071
131058
131019
131070
131071
131071
131071
131071
131010
131071
131063
131069
131071
131071
131070
131060
131068
131068
131070
131071
131071
131067
131070
131058
131071
131071
131070
131071
131071
131070
131012
131071
131066
131069
131071
131070
131071
131070
131066
131069
131071
131069
131071
131026
131071
131070
131071
131071
131071
131071
131071
131059
131070
131054
131063
131070
131065
131067
131070
131071
131070
131071
131071
131071
131064
131071
131069
131071
131071
131069
131020
131071
131070
131071
131071
131071
131069
131070
131069
131018
131070
131071
131070
131070
131071
131071
131071
131059
131070
131071
131071
131071
131071
131067
131071
131071
131071
131069
131071
131071
131070
131064
131070
131070
131071
131071
131071
131071
131060
131069
131070
131068
131071
131071
131026
131071
131071
131071
131071
131071
131071
131071
131071
131070
131070
131071
131071
131068
131070
131052
131071
131071
131062
131070
131071
131069
131071
131071
131056
131070
131060
131071
131071
131069
131070
131070
131010
131002
131045
131069
131071
131071
131030
131068
131071
131000
131071
130986
131070
131071
131070
131071
131051
131070
130948
131071
131071
131070
131067
131071
131067
131068
131071
131068
131071
131071
131068
131071
131069
131071
131070
131070
131071
131071
131071
131070
131069
131071
131070
131071
131070
131070
131068
131071
131068
131071
131071
131063
131070
131058
131068
131069
131071
131069
131070
131041
131071
131071
131071
131033
131014
131071
131071
131070
131071
131070
131070
131070
131070
131071
131067
131071
131070
131068
131071
131070
131071
131071
131071
131071
131071
130969
130982
131071
131064
131071
131071
131071
131068
131071
131071
131071
131070
131070
131071
131059
131053
131071
131070
131071
131070
131071
131070
131071
131069
131071
131071
131071
131070
131071
131069
131062
131057
131071
131071
131071
131069
130995
131057
131070
131071
131071
131071
131070
131070
131070
131062
131071
131071
131068
131071
131071
131034
131071
131070
131071
131070
131071
131070
131063
131069
131067
131039
131070
131071
131070
131070
131044
131069
131071
131006
131069
131071
131062
131071
131071
130961
131068
131071
131055
131070
131071
131070
131071
131070
131071
131063
131043
131003
131070
131069
131071
131068
131071
131071
131068
131071
131071
131069
131071
131071
131044
131071
131068
131070
131071
131045
131071
131071
131069
131068
131070
131071
131070
131071
131070
131071
131037
131069
131069
131057
131071
131071
130999
131058
131013
131064
131071
131071
131029
131029
131070
131071
131071
131071
131071
131071
131071
131070
131040
131070
131071
131071
131067
131071
131071
131071
131071
131071
131071
131060
131071
131071
131071
131070
131071
131070
131070
131071
131071
131071
131069
131071
131008
131069
131070
131071
131071
131058
131071
131071
131040
131071
131071
131071
131071
131071
131071
131071
130991
131069
131071
131069
131066
131071
131068
131068
131033
131071
131071
131071
131070
131071
131071
131071
131071
131070
131071
131071
131021
131071
131068
131070
131070
131056
131067
131067
131068
131058
131069
130999
131071
131071
131070
131069
131068
131070
131071
131071
131071
131066
131070
131071
131071
131071
131071
131071
131071
131071
131071
131071
131071
131071
131060
131071
131071
131071
131070
131071
131071
131009
131061
131070
131069
131007
131071
131070
131066
131071
131070
131071
131071
131071
131071
131070
131025
131029
131071
131070
131071
131070
131071
131070
131065
131070
131069
131070
131071
131071
131025
131071
131070
131071
131070
131070
131071
131071
131069
131071
131071
131071
131070
131069
131071
131070
